<?xml version="1.0" encoding="UTF-8"?>
<coverage generated="1654739885211" clover="3.2.0">
  <project timestamp="1654739885211" name="All files">
    <metrics statements="11" coveredstatements="9" conditionals="8" coveredconditionals="6" methods="1" coveredmethods="1" elements="20" coveredelements="16" complexity="0" loc="11" ncloc="11" packages="1" files="1" classes="1"/>
    <file name="incomeTax.js" path="/home/rafael/projetos/fullcycle/desafio-ci/incomeTax.js">
      <metrics statements="11" coveredstatements="9" conditionals="8" coveredconditionals="6" methods="1" coveredmethods="1"/>
      <line num="2" count="1" type="stmt"/>
      <line num="3" count="4" type="cond" truecount="2" falsecount="0"/>
      <line num="4" count="2" type="stmt"/>
      <line num="7" count="2" type="cond" truecount="1" falsecount="1"/>
      <line num="8" count="0" type="stmt"/>
      <line num="11" count="2" type="cond" truecount="2" falsecount="0"/>
      <line num="12" count="1" type="stmt"/>
      <line num="15" count="1" type="cond" truecount="1" falsecount="1"/>
      <line num="16" count="0" type="stmt"/>
      <line num="19" count="1" type="stmt"/>
      <line num="22" count="1" type="stmt"/>
    </file>
  </project>
</coverage>
